#
# There is insufficient memory for the Java Runtime Environment to continue.
# Native memory allocation (malloc) failed to allocate 836368 bytes for Chunk::new
# Possible reasons:
#   The system is out of physical RAM or swap space
#   The process is running with CompressedOops enabled, and the Java Heap may be blocking the growth of the native heap
# Possible solutions:
#   Reduce memory load on the system
#   Increase physical memory or swap space
#   Check if swap backing store is full
#   Decrease Java heap size (-Xmx/-Xms)
#   Decrease number of Java threads
#   Decrease Java thread stack sizes (-Xss)
#   Set larger code cache with -XX:ReservedCodeCacheSize=
#   JVM is running with Unscaled Compressed Oops mode in which the Java heap is
#     placed in the first 4GB address space. The Java Heap base address is the
#     maximum limit for the native heap growth. Please use -XX:HeapBaseMinAddress
#     to set the Java Heap base and to place the Java Heap above 4GB virtual address.
# This output file may be truncated or incomplete.
#
#  Out of Memory Error (arena.cpp:189), pid=27896, tid=29068
#
# JRE version: OpenJDK Runtime Environment Temurin-17.0.5+8 (17.0.5+8) (build 17.0.5+8)
# Java VM: OpenJDK 64-Bit Server VM Temurin-17.0.5+8 (17.0.5+8, mixed mode, tiered, compressed oops, compressed class ptrs, parallel gc, windows-amd64)
# No core dump will be written. Minidumps are not enabled by default on client versions of Windows
#

---------------  S U M M A R Y ------------

Command Line: --add-modules=ALL-SYSTEM --add-opens=java.base/java.util=ALL-UNNAMED --add-opens=java.base/java.lang=ALL-UNNAMED --add-opens=java.base/sun.nio.fs=ALL-UNNAMED -Declipse.application=org.eclipse.jdt.ls.core.id1 -Dosgi.bundles.defaultStartLevel=4 -Declipse.product=org.eclipse.jdt.ls.core.product -Djava.import.generatesMetadataFilesAtProjectRoot=false -Dfile.encoding=utf8 -XX:+UseParallelGC -XX:GCTimeRatio=4 -XX:AdaptiveSizePolicyWeight=90 -Dsun.zip.disableMemoryMapping=true -Xmx1G -Xms100m -Xlog:disable -javaagent:c:\Users\Long\.vscode\extensions\redhat.java-1.14.0-win32-x64\lombok\lombok-1.18.24.jar -XX:+HeapDumpOnOutOfMemoryError -XX:HeapDumpPath=c:\Users\Long\AppData\Roaming\Code\User\workspaceStorage\b91ab581afc5cde352155c29fad7fc21\redhat.java c:\Users\Long\.vscode\extensions\redhat.java-1.14.0-win32-x64\server\plugins\org.eclipse.equinox.launcher_1.6.400.v20210924-0641.jar -configuration c:\Users\Long\AppData\Roaming\Code\User\globalStorage\redhat.java\1.14.0\config_win -data c:\Users\Long\AppData\Roaming\Code\User\workspaceStorage\b91ab581afc5cde352155c29fad7fc21\redhat.java\jdt_ws

Host: Intel(R) Core(TM) i7-8750H CPU @ 2.20GHz, 12 cores, 23G,  Windows 11 , 64 bit Build 22621 (10.0.22621.1194)
Time: Fri Feb 17 16:40:49 2023 SE Asia Standard Time elapsed time: 56.251767 seconds (0d 0h 0m 56s)

---------------  T H R E A D  ---------------

Current thread (0x0000014fbe86b710):  JavaThread "C2 CompilerThread2" daemon [_thread_in_native, id=29068, stack(0x0000002e78500000,0x0000002e78600000)]


Current CompileTask:
C2:  56251 6799   !   4       java.nio.file.FileTreeWalker::visit (204 bytes)

Stack: [0x0000002e78500000,0x0000002e78600000]
Native frames: (J=compiled Java code, j=interpreted, Vv=VM code, C=native code)
V  [jvm.dll+0x676b3a]
V  [jvm.dll+0x831444]
V  [jvm.dll+0x832bee]
V  [jvm.dll+0x833253]
V  [jvm.dll+0x244ce5]
V  [jvm.dll+0xabbac]
V  [jvm.dll+0xac17c]
V  [jvm.dll+0x362d57]
V  [jvm.dll+0x32d591]
V  [jvm.dll+0x32ca3a]
V  [jvm.dll+0x217b51]
V  [jvm.dll+0x216f71]
V  [jvm.dll+0x1a343d]
V  [jvm.dll+0x22698a]
V  [jvm.dll+0x224ac5]
V  [jvm.dll+0x7e727b]
V  [jvm.dll+0x7e17ea]
V  [jvm.dll+0x6759e5]
C  [ucrtbase.dll+0x29363]
C  [KERNEL32.DLL+0x126bd]
C  [ntdll.dll+0x5dfb8]


---------------  P R O C E S S  ---------------

Threads class SMR info:
_java_thread_list=0x0000014fc4472110, length=33, elements={
0x0000014fa8cf5aa0, 0x0000014fbe696c40, 0x0000014fbe699cb0, 0x0000014fbcb6b440,
0x0000014fbcb6dd10, 0x0000014fbe6ca010, 0x0000014fbe6ca8d0, 0x0000014fbe6cb4c0,
0x0000014fbe732d30, 0x0000014fbe7381a0, 0x0000014fbe7dd060, 0x0000014fbe980030,
0x0000014fc1149e90, 0x0000014fc12b4040, 0x0000014fc12b4510, 0x0000014fbfd16ad0,
0x0000014fc18368f0, 0x0000014fc15a8340, 0x0000014fc15a7000, 0x0000014fc15a79a0,
0x0000014fc15a8810, 0x0000014fc15aa020, 0x0000014fc15a74d0, 0x0000014fc15aa4f0,
0x0000014fc15a9b50, 0x0000014fc4ca6430, 0x0000014fc4ca85e0, 0x0000014fc4ca3410,
0x0000014fc4ca38e0, 0x0000014fc4ca8ab0, 0x0000014fc4ca25a0, 0x0000014fbe86b200,
0x0000014fbe86b710
}

Java Threads: ( => current thread )
  0x0000014fa8cf5aa0 JavaThread "main" [_thread_blocked, id=26088, stack(0x0000002e75800000,0x0000002e75900000)]
  0x0000014fbe696c40 JavaThread "Reference Handler" daemon [_thread_blocked, id=26500, stack(0x0000002e75b00000,0x0000002e75c00000)]
  0x0000014fbe699cb0 JavaThread "Finalizer" daemon [_thread_blocked, id=27280, stack(0x0000002e75c00000,0x0000002e75d00000)]
  0x0000014fbcb6b440 JavaThread "Signal Dispatcher" daemon [_thread_blocked, id=25128, stack(0x0000002e75d00000,0x0000002e75e00000)]
  0x0000014fbcb6dd10 JavaThread "Attach Listener" daemon [_thread_blocked, id=27100, stack(0x0000002e75e00000,0x0000002e75f00000)]
  0x0000014fbe6ca010 JavaThread "Service Thread" daemon [_thread_blocked, id=1752, stack(0x0000002e75f00000,0x0000002e76000000)]
  0x0000014fbe6ca8d0 JavaThread "Monitor Deflation Thread" daemon [_thread_blocked, id=27680, stack(0x0000002e76000000,0x0000002e76100000)]
  0x0000014fbe6cb4c0 JavaThread "C2 CompilerThread0" daemon [_thread_in_native, id=28624, stack(0x0000002e76100000,0x0000002e76200000)]
  0x0000014fbe732d30 JavaThread "C1 CompilerThread0" daemon [_thread_blocked, id=27336, stack(0x0000002e76200000,0x0000002e76300000)]
  0x0000014fbe7381a0 JavaThread "Sweeper thread" daemon [_thread_blocked, id=25732, stack(0x0000002e76300000,0x0000002e76400000)]
  0x0000014fbe7dd060 JavaThread "Common-Cleaner" daemon [_thread_blocked, id=6164, stack(0x0000002e76400000,0x0000002e76500000)]
  0x0000014fbe980030 JavaThread "Notification Thread" daemon [_thread_blocked, id=26428, stack(0x0000002e76500000,0x0000002e76600000)]
  0x0000014fc1149e90 JavaThread "Active Thread: Equinox Container: 0b772191-4812-43c2-8925-44bca91971d5" [_thread_blocked, id=6280, stack(0x0000002e76e00000,0x0000002e76f00000)]
  0x0000014fc12b4040 JavaThread "Framework Event Dispatcher: Equinox Container: 0b772191-4812-43c2-8925-44bca91971d5" daemon [_thread_blocked, id=28328, stack(0x0000002e76f00000,0x0000002e77000000)]
  0x0000014fc12b4510 JavaThread "Start Level: Equinox Container: 0b772191-4812-43c2-8925-44bca91971d5" daemon [_thread_blocked, id=2524, stack(0x0000002e77000000,0x0000002e77100000)]
  0x0000014fbfd16ad0 JavaThread "SCR Component Actor" daemon [_thread_blocked, id=6172, stack(0x0000002e76d00000,0x0000002e76e00000)]
  0x0000014fc18368f0 JavaThread "Worker-JM" [_thread_blocked, id=26356, stack(0x0000002e77400000,0x0000002e77500000)]
  0x0000014fc15a8340 JavaThread "Worker-0: Initialize workspace" [_thread_blocked, id=27396, stack(0x0000002e77500000,0x0000002e77600000)]
  0x0000014fc15a7000 JavaThread "Worker-1" [_thread_blocked, id=8900, stack(0x0000002e77300000,0x0000002e77400000)]
  0x0000014fc15a79a0 JavaThread "Worker-2" [_thread_blocked, id=25872, stack(0x0000002e77800000,0x0000002e77900000)]
  0x0000014fc15a8810 JavaThread "Worker-3" [_thread_blocked, id=28524, stack(0x0000002e77900000,0x0000002e77a00000)]
  0x0000014fc15aa020 JavaThread "Java indexing" daemon [_thread_blocked, id=28028, stack(0x0000002e77c00000,0x0000002e77d00000)]
  0x0000014fc15a74d0 JavaThread "JNA Cleaner" daemon [_thread_blocked, id=28320, stack(0x0000002e77a00000,0x0000002e77b00000)]
  0x0000014fc15aa4f0 JavaThread "pool-2-thread-1" [_thread_blocked, id=12280, stack(0x0000002e77d00000,0x0000002e77e00000)]
  0x0000014fc15a9b50 JavaThread "pool-1-thread-1" [_thread_in_native, id=24276, stack(0x0000002e77b00000,0x0000002e77c00000)]
  0x0000014fc4ca6430 JavaThread "Timer-0" [_thread_blocked, id=28800, stack(0x0000002e75500000,0x0000002e75600000)]
  0x0000014fc4ca85e0 JavaThread "Exec process" [_thread_blocked, id=24348, stack(0x0000002e78000000,0x0000002e78100000)]
  0x0000014fc4ca3410 JavaThread "Exec process Thread 2" [_thread_blocked, id=13332, stack(0x0000002e78100000,0x0000002e78200000)]
  0x0000014fc4ca38e0 JavaThread "Exec process Thread 3" [_thread_blocked, id=1952, stack(0x0000002e78200000,0x0000002e78300000)]
  0x0000014fc4ca8ab0 JavaThread "ForkJoinPool.commonPool-worker-1" daemon [_thread_in_Java, id=29244, stack(0x0000002e77700000,0x0000002e77800000)]
  0x0000014fc4ca25a0 JavaThread "Worker-4" [_thread_blocked, id=27436, stack(0x0000002e78300000,0x0000002e78400000)]
  0x0000014fbe86b200 JavaThread "C2 CompilerThread1" daemon [_thread_in_native, id=29104, stack(0x0000002e78400000,0x0000002e78500000)]
=>0x0000014fbe86b710 JavaThread "C2 CompilerThread2" daemon [_thread_in_native, id=29068, stack(0x0000002e78500000,0x0000002e78600000)]

Other Threads:
  0x0000014fbe6831d0 VMThread "VM Thread" [stack: 0x0000002e75a00000,0x0000002e75b00000] [id=28500]
  0x0000014fbe980500 WatcherThread [stack: 0x0000002e76600000,0x0000002e76700000] [id=28436]
  0x0000014fa8d0b5b0 GCTaskThread "GC Thread#0" [stack: 0x0000002e75900000,0x0000002e75a00000] [id=26592]
  0x0000014fbfd55960 GCTaskThread "GC Thread#1" [stack: 0x0000002e76700000,0x0000002e76800000] [id=26252]
  0x0000014fc0414750 GCTaskThread "GC Thread#2" [stack: 0x0000002e76800000,0x0000002e76900000] [id=25892]
  0x0000014fc0414a00 GCTaskThread "GC Thread#3" [stack: 0x0000002e76900000,0x0000002e76a00000] [id=28200]
  0x0000014fc040e220 GCTaskThread "GC Thread#4" [stack: 0x0000002e76a00000,0x0000002e76b00000] [id=26380]
  0x0000014fc040e4d0 GCTaskThread "GC Thread#5" [stack: 0x0000002e76b00000,0x0000002e76c00000] [id=28404]
  0x0000014fc040e780 GCTaskThread "GC Thread#6" [stack: 0x0000002e76c00000,0x0000002e76d00000] [id=26292]
  0x0000014fa6c89f10 GCTaskThread "GC Thread#7" [stack: 0x0000002e77100000,0x0000002e77200000] [id=21400]
  0x0000014fc1518200 GCTaskThread "GC Thread#8" [stack: 0x0000002e77200000,0x0000002e77300000] [id=20580]
  0x0000014fc02e4640 GCTaskThread "GC Thread#9" [stack: 0x0000002e77600000,0x0000002e77700000] [id=26784]

Threads with active compile tasks:
C2 CompilerThread0    56317 6798   !   4       java.nio.file.FileTreeWalker::next (144 bytes)
C2 CompilerThread1    56317 6748       4       org.eclipse.core.internal.dtree.DataDeltaNode::compareWithParent (78 bytes)
C2 CompilerThread2    56317 6799   !   4       java.nio.file.FileTreeWalker::visit (204 bytes)

VM state: not at safepoint (normal execution)

VM Mutex/Monitor currently owned by a thread: None

Heap address: 0x00000000c0000000, size: 1024 MB, Compressed Oops mode: 32-bit

CDS archive(s) not mapped
Compressed class space mapped at: 0x0000000100000000-0x0000000140000000, reserved size: 1073741824
Narrow klass base: 0x0000000000000000, Narrow klass shift: 3, Narrow klass range: 0x140000000

GC Precious Log:
 CPUs: 12 total, 12 available
 Memory: 24431M
 Large Page Support: Disabled
 NUMA Support: Disabled
 Compressed Oops: Enabled (32-bit)
 Alignments: Space 512K, Generation 512K, Heap 2M
 Heap Min Capacity: 100M
 Heap Initial Capacity: 100M
 Heap Max Capacity: 1G
 Pre-touch: Disabled
 Parallel Workers: 10

Heap:
 PSYoungGen      total 14848K, used 8306K [0x00000000eab00000, 0x00000000ebf00000, 0x0000000100000000)
  eden space 13824K, 52% used [0x00000000eab00000,0x00000000eb21c990,0x00000000eb880000)
  from space 1024K, 100% used [0x00000000ebd00000,0x00000000ebe00000,0x00000000ebe00000)
  to   space 1024K, 0% used [0x00000000ebe00000,0x00000000ebe00000,0x00000000ebf00000)
 ParOldGen       total 68608K, used 60065K [0x00000000c0000000, 0x00000000c4300000, 0x00000000eab00000)
  object space 68608K, 87% used [0x00000000c0000000,0x00000000c3aa8618,0x00000000c4300000)
 Metaspace       used 55765K, committed 56640K, reserved 1105920K
  class space    used 6416K, committed 6784K, reserved 1048576K

Card table byte_map: [0x0000014fa86c0000,0x0000014fa88d0000] _byte_map_base: 0x0000014fa80c0000

Marking Bits: (ParMarkBitMap*) 0x00007ffd408f0dd0
 Begin Bits: [0x0000014fba970000, 0x0000014fbb970000)
 End Bits:   [0x0000014fbb970000, 0x0000014fbc970000)

Polling page: 0x0000014fa84b0000

Metaspace:

Usage:
  Non-class:     48.19 MB used.
      Class:      6.27 MB used.
       Both:     54.46 MB used.

Virtual space:
  Non-class space:       56.00 MB reserved,      48.69 MB ( 87%) committed,  7 nodes.
      Class space:        1.00 GB reserved,       6.62 MB ( <1%) committed,  1 nodes.
             Both:        1.05 GB reserved,      55.31 MB (  5%) committed. 

Chunk freelists:
   Non-Class:  2.89 MB
       Class:  1.28 MB
        Both:  4.17 MB

MaxMetaspaceSize: unlimited
CompressedClassSpaceSize: 1.00 GB
Initial GC threshold: 21.00 MB
Current GC threshold: 58.38 MB
CDS: off
MetaspaceReclaimPolicy: balanced
 - commit_granule_bytes: 65536.
 - commit_granule_words: 8192.
 - virtual_space_node_default_size: 1048576.
 - enlarge_chunks_in_place: 1.
 - new_chunks_are_fully_committed: 0.
 - uncommit_free_chunks: 1.
 - use_allocation_guard: 0.
 - handle_deallocations: 1.


Internal statistics:

num_allocs_failed_limit: 6.
num_arena_births: 432.
num_arena_deaths: 14.
num_vsnodes_births: 8.
num_vsnodes_deaths: 0.
num_space_committed: 885.
num_space_uncommitted: 0.
num_chunks_returned_to_freelist: 20.
num_chunks_taken_from_freelist: 2490.
num_chunk_merges: 10.
num_chunk_splits: 1618.
num_chunks_enlarged: 1052.
num_purges: 2.
num_inconsistent_stats: 0.

CodeHeap 'non-profiled nmethods': size=120000Kb used=4312Kb max_used=4312Kb free=115687Kb
 bounds [0x0000014fb3440000, 0x0000014fb3880000, 0x0000014fba970000]
CodeHeap 'profiled nmethods': size=120000Kb used=12174Kb max_used=12174Kb free=107825Kb
 bounds [0x0000014fabf10000, 0x0000014facb00000, 0x0000014fb3440000]
CodeHeap 'non-nmethods': size=5760Kb used=1286Kb max_used=1360Kb free=4473Kb
 bounds [0x0000014fab970000, 0x0000014fabbe0000, 0x0000014fabf10000]
 total_blobs=6604 nmethods=5993 adapters=525
 compilation: enabled
              stopped_count=0, restarted_count=0
 full_count=0

Compilation events (20 events):
Event: 55.849 Thread 0x0000014fbe732d30 nmethod 6794 0x0000014facaea390 code [0x0000014facaea5a0, 0x0000014facaeace8]
Event: 55.921 Thread 0x0000014fbe6cb4c0 nmethod 6789 0x0000014fb3870f10 code [0x0000014fb3871120, 0x0000014fb38726a8]
Event: 55.921 Thread 0x0000014fbe6cb4c0 6798   !   4       java.nio.file.FileTreeWalker::next (144 bytes)
Event: 55.950 Thread 0x0000014fbe86b710 nmethod 6791 0x0000014fb3873490 code [0x0000014fb3873720, 0x0000014fb3874f00]
Event: 55.951 Thread 0x0000014fbe86b710 6799   !   4       java.nio.file.FileTreeWalker::visit (204 bytes)
Event: 56.036 Thread 0x0000014fbe732d30 6800       3       org.eclipse.jdt.internal.compiler.util.SimpleSet::addIfNotIncluded (83 bytes)
Event: 56.039 Thread 0x0000014fbe732d30 nmethod 6800 0x0000014facaeaf10 code [0x0000014facaeb100, 0x0000014facaeb728]
Event: 56.069 Thread 0x0000014fbe732d30 6801       3       org.eclipse.jdt.internal.compiler.util.SimpleSet::add (90 bytes)
Event: 56.071 Thread 0x0000014fbe732d30 nmethod 6801 0x0000014facaeb990 code [0x0000014facaebba0, 0x0000014facaec328]
Event: 56.209 Thread 0x0000014fbe732d30 6804       2       org.eclipse.jdt.internal.compiler.util.JrtFileSystem$2::preVisitDirectory (10 bytes)
Event: 56.209 Thread 0x0000014fbe732d30 nmethod 6804 0x0000014facaec610 code [0x0000014facaec7c0, 0x0000014facaec928]
Event: 56.212 Thread 0x0000014fbe732d30 6805       3       org.eclipse.jdt.internal.core.builder.ClasspathJrt$JrtPackageVisitor::visitPackage (14 bytes)
Event: 56.213 Thread 0x0000014fbe732d30 nmethod 6805 0x0000014facaeca10 code [0x0000014facaecbe0, 0x0000014facaed058]
Event: 56.213 Thread 0x0000014fbe732d30 6806       3       org.eclipse.jdt.internal.core.builder.ClasspathJrt$JrtPackageVisitor::visitPackage (18 bytes)
Event: 56.213 Thread 0x0000014fbe732d30 nmethod 6806 0x0000014facaed190 code [0x0000014facaed340, 0x0000014facaed558]
Event: 56.236 Thread 0x0000014fbe732d30 6807       3       org.eclipse.jdt.internal.core.builder.ClasspathJar::addToPackageSet (52 bytes)
Event: 56.238 Thread 0x0000014fbe732d30 nmethod 6807 0x0000014facaed690 code [0x0000014facaed920, 0x0000014facaee3d8]
Event: 56.240 Thread 0x0000014fbe732d30 6808 % !   3       java.nio.file.Files::walkFileTree @ 19 (297 bytes)
Event: 56.244 Thread 0x0000014fbe732d30 nmethod 6808% 0x0000014facaee810 code [0x0000014facaeec20, 0x0000014facaf0b28]
Event: 56.247 Thread 0x0000014fbe732d30 6809   !   3       java.nio.file.Files::walkFileTree (297 bytes)

GC Heap History (20 events):
Event: 46.431 GC heap before
{Heap before GC invocations=32 (full 2):
 PSYoungGen      total 14848K, used 14845K [0x00000000eab00000, 0x00000000ec280000, 0x0000000100000000)
  eden space 13824K, 100% used [0x00000000eab00000,0x00000000eb880000,0x00000000eb880000)
  from space 1024K, 99% used [0x00000000ebe00000,0x00000000ebeff588,0x00000000ebf00000)
  to   space 3584K, 0% used [0x00000000ebf00000,0x00000000ebf00000,0x00000000ec280000)
 ParOldGen       total 68608K, used 57024K [0x00000000c0000000, 0x00000000c4300000, 0x00000000eab00000)
  object space 68608K, 83% used [0x00000000c0000000,0x00000000c37b02c8,0x00000000c4300000)
 Metaspace       used 51847K, committed 52672K, reserved 1097728K
  class space    used 5833K, committed 6208K, reserved 1048576K
}
Event: 46.434 GC heap after
{Heap after GC invocations=32 (full 2):
 PSYoungGen      total 14848K, used 736K [0x00000000eab00000, 0x00000000ec000000, 0x0000000100000000)
  eden space 13824K, 0% used [0x00000000eab00000,0x00000000eab00000,0x00000000eb880000)
  from space 1024K, 71% used [0x00000000ebf00000,0x00000000ebfb8020,0x00000000ec000000)
  to   space 2048K, 0% used [0x00000000ebc00000,0x00000000ebc00000,0x00000000ebe00000)
 ParOldGen       total 68608K, used 58051K [0x00000000c0000000, 0x00000000c4300000, 0x00000000eab00000)
  object space 68608K, 84% used [0x00000000c0000000,0x00000000c38b0e28,0x00000000c4300000)
 Metaspace       used 51847K, committed 52672K, reserved 1097728K
  class space    used 5833K, committed 6208K, reserved 1048576K
}
Event: 47.404 GC heap before
{Heap before GC invocations=33 (full 2):
 PSYoungGen      total 14848K, used 14560K [0x00000000eab00000, 0x00000000ec000000, 0x0000000100000000)
  eden space 13824K, 100% used [0x00000000eab00000,0x00000000eb880000,0x00000000eb880000)
  from space 1024K, 71% used [0x00000000ebf00000,0x00000000ebfb8020,0x00000000ec000000)
  to   space 2048K, 0% used [0x00000000ebc00000,0x00000000ebc00000,0x00000000ebe00000)
 ParOldGen       total 68608K, used 58051K [0x00000000c0000000, 0x00000000c4300000, 0x00000000eab00000)
  object space 68608K, 84% used [0x00000000c0000000,0x00000000c38b0e28,0x00000000c4300000)
 Metaspace       used 53416K, committed 54208K, reserved 1097728K
  class space    used 6107K, committed 6464K, reserved 1048576K
}
Event: 47.405 GC heap after
{Heap after GC invocations=33 (full 2):
 PSYoungGen      total 15872K, used 544K [0x00000000eab00000, 0x00000000ebf80000, 0x0000000100000000)
  eden space 13824K, 0% used [0x00000000eab00000,0x00000000eab00000,0x00000000eb880000)
  from space 2048K, 26% used [0x00000000ebc00000,0x00000000ebc88000,0x00000000ebe00000)
  to   space 1024K, 0% used [0x00000000ebe80000,0x00000000ebe80000,0x00000000ebf80000)
 ParOldGen       total 68608K, used 58611K [0x00000000c0000000, 0x00000000c4300000, 0x00000000eab00000)
  object space 68608K, 85% used [0x00000000c0000000,0x00000000c393ce88,0x00000000c4300000)
 Metaspace       used 53416K, committed 54208K, reserved 1097728K
  class space    used 6107K, committed 6464K, reserved 1048576K
}
Event: 48.638 GC heap before
{Heap before GC invocations=34 (full 2):
 PSYoungGen      total 15872K, used 14368K [0x00000000eab00000, 0x00000000ebf80000, 0x0000000100000000)
  eden space 13824K, 100% used [0x00000000eab00000,0x00000000eb880000,0x00000000eb880000)
  from space 2048K, 26% used [0x00000000ebc00000,0x00000000ebc88000,0x00000000ebe00000)
  to   space 1024K, 0% used [0x00000000ebe80000,0x00000000ebe80000,0x00000000ebf80000)
 ParOldGen       total 68608K, used 58611K [0x00000000c0000000, 0x00000000c4300000, 0x00000000eab00000)
  object space 68608K, 85% used [0x00000000c0000000,0x00000000c393ce88,0x00000000c4300000)
 Metaspace       used 54985K, committed 55872K, reserved 1105920K
  class space    used 6328K, committed 6720K, reserved 1048576K
}
Event: 48.640 GC heap after
{Heap after GC invocations=34 (full 2):
 PSYoungGen      total 14336K, used 512K [0x00000000eab00000, 0x00000000ebf00000, 0x0000000100000000)
  eden space 13824K, 0% used [0x00000000eab00000,0x00000000eab00000,0x00000000eb880000)
  from space 512K, 100% used [0x00000000ebe80000,0x00000000ebf00000,0x00000000ebf00000)
  to   space 1024K, 0% used [0x00000000ebd00000,0x00000000ebd00000,0x00000000ebe00000)
 ParOldGen       total 68608K, used 58963K [0x00000000c0000000, 0x00000000c4300000, 0x00000000eab00000)
  object space 68608K, 85% used [0x00000000c0000000,0x00000000c3994e88,0x00000000c4300000)
 Metaspace       used 54985K, committed 55872K, reserved 1105920K
  class space    used 6328K, committed 6720K, reserved 1048576K
}
Event: 49.421 GC heap before
{Heap before GC invocations=35 (full 2):
 PSYoungGen      total 14336K, used 14336K [0x00000000eab00000, 0x00000000ebf00000, 0x0000000100000000)
  eden space 13824K, 100% used [0x00000000eab00000,0x00000000eb880000,0x00000000eb880000)
  from space 512K, 100% used [0x00000000ebe80000,0x00000000ebf00000,0x00000000ebf00000)
  to   space 1024K, 0% used [0x00000000ebd00000,0x00000000ebd00000,0x00000000ebe00000)
 ParOldGen       total 68608K, used 58963K [0x00000000c0000000, 0x00000000c4300000, 0x00000000eab00000)
  object space 68608K, 85% used [0x00000000c0000000,0x00000000c3994e88,0x00000000c4300000)
 Metaspace       used 54986K, committed 55872K, reserved 1105920K
  class space    used 6328K, committed 6720K, reserved 1048576K
}
Event: 49.423 GC heap after
{Heap after GC invocations=35 (full 2):
 PSYoungGen      total 14848K, used 32K [0x00000000eab00000, 0x00000000ebf00000, 0x0000000100000000)
  eden space 13824K, 0% used [0x00000000eab00000,0x00000000eab00000,0x00000000eb880000)
  from space 1024K, 3% used [0x00000000ebd00000,0x00000000ebd08000,0x00000000ebe00000)
  to   space 512K, 0% used [0x00000000ebe80000,0x00000000ebe80000,0x00000000ebf00000)
 ParOldGen       total 68608K, used 59290K [0x00000000c0000000, 0x00000000c4300000, 0x00000000eab00000)
  object space 68608K, 86% used [0x00000000c0000000,0x00000000c39e6b98,0x00000000c4300000)
 Metaspace       used 54986K, committed 55872K, reserved 1105920K
  class space    used 6328K, committed 6720K, reserved 1048576K
}
Event: 50.181 GC heap before
{Heap before GC invocations=36 (full 2):
 PSYoungGen      total 14848K, used 13856K [0x00000000eab00000, 0x00000000ebf00000, 0x0000000100000000)
  eden space 13824K, 100% used [0x00000000eab00000,0x00000000eb880000,0x00000000eb880000)
  from space 1024K, 3% used [0x00000000ebd00000,0x00000000ebd08000,0x00000000ebe00000)
  to   space 512K, 0% used [0x00000000ebe80000,0x00000000ebe80000,0x00000000ebf00000)
 ParOldGen       total 68608K, used 59290K [0x00000000c0000000, 0x00000000c4300000, 0x00000000eab00000)
  object space 68608K, 86% used [0x00000000c0000000,0x00000000c39e6b98,0x00000000c4300000)
 Metaspace       used 54986K, committed 55872K, reserved 1105920K
  class space    used 6328K, committed 6720K, reserved 1048576K
}
Event: 50.182 GC heap after
{Heap after GC invocations=36 (full 2):
 PSYoungGen      total 14336K, used 192K [0x00000000eab00000, 0x00000000ebf00000, 0x0000000100000000)
  eden space 13824K, 0% used [0x00000000eab00000,0x00000000eab00000,0x00000000eb880000)
  from space 512K, 37% used [0x00000000ebe80000,0x00000000ebeb0000,0x00000000ebf00000)
  to   space 512K, 0% used [0x00000000ebe00000,0x00000000ebe00000,0x00000000ebe80000)
 ParOldGen       total 68608K, used 59330K [0x00000000c0000000, 0x00000000c4300000, 0x00000000eab00000)
  object space 68608K, 86% used [0x00000000c0000000,0x00000000c39f0b98,0x00000000c4300000)
 Metaspace       used 54986K, committed 55872K, reserved 1105920K
  class space    used 6328K, committed 6720K, reserved 1048576K
}
Event: 50.930 GC heap before
{Heap before GC invocations=37 (full 2):
 PSYoungGen      total 14336K, used 14016K [0x00000000eab00000, 0x00000000ebf00000, 0x0000000100000000)
  eden space 13824K, 100% used [0x00000000eab00000,0x00000000eb880000,0x00000000eb880000)
  from space 512K, 37% used [0x00000000ebe80000,0x00000000ebeb0000,0x00000000ebf00000)
  to   space 512K, 0% used [0x00000000ebe00000,0x00000000ebe00000,0x00000000ebe80000)
 ParOldGen       total 68608K, used 59330K [0x00000000c0000000, 0x00000000c4300000, 0x00000000eab00000)
  object space 68608K, 86% used [0x00000000c0000000,0x00000000c39f0b98,0x00000000c4300000)
 Metaspace       used 54989K, committed 55872K, reserved 1105920K
  class space    used 6329K, committed 6720K, reserved 1048576K
}
Event: 50.931 GC heap after
{Heap after GC invocations=37 (full 2):
 PSYoungGen      total 14336K, used 192K [0x00000000eab00000, 0x00000000ebf00000, 0x0000000100000000)
  eden space 13824K, 0% used [0x00000000eab00000,0x00000000eab00000,0x00000000eb880000)
  from space 512K, 37% used [0x00000000ebe00000,0x00000000ebe30000,0x00000000ebe80000)
  to   space 512K, 0% used [0x00000000ebe80000,0x00000000ebe80000,0x00000000ebf00000)
 ParOldGen       total 68608K, used 59362K [0x00000000c0000000, 0x00000000c4300000, 0x00000000eab00000)
  object space 68608K, 86% used [0x00000000c0000000,0x00000000c39f8b98,0x00000000c4300000)
 Metaspace       used 54989K, committed 55872K, reserved 1105920K
  class space    used 6329K, committed 6720K, reserved 1048576K
}
Event: 51.722 GC heap before
{Heap before GC invocations=38 (full 2):
 PSYoungGen      total 14336K, used 14016K [0x00000000eab00000, 0x00000000ebf00000, 0x0000000100000000)
  eden space 13824K, 100% used [0x00000000eab00000,0x00000000eb880000,0x00000000eb880000)
  from space 512K, 37% used [0x00000000ebe00000,0x00000000ebe30000,0x00000000ebe80000)
  to   space 512K, 0% used [0x00000000ebe80000,0x00000000ebe80000,0x00000000ebf00000)
 ParOldGen       total 68608K, used 59362K [0x00000000c0000000, 0x00000000c4300000, 0x00000000eab00000)
  object space 68608K, 86% used [0x00000000c0000000,0x00000000c39f8b98,0x00000000c4300000)
 Metaspace       used 54989K, committed 55872K, reserved 1105920K
  class space    used 6329K, committed 6720K, reserved 1048576K
}
Event: 51.725 GC heap after
{Heap after GC invocations=38 (full 2):
 PSYoungGen      total 14336K, used 128K [0x00000000eab00000, 0x00000000ebf00000, 0x0000000100000000)
  eden space 13824K, 0% used [0x00000000eab00000,0x00000000eab00000,0x00000000eb880000)
  from space 512K, 25% used [0x00000000ebe80000,0x00000000ebea0000,0x00000000ebf00000)
  to   space 512K, 0% used [0x00000000ebe00000,0x00000000ebe00000,0x00000000ebe80000)
 ParOldGen       total 68608K, used 59402K [0x00000000c0000000, 0x00000000c4300000, 0x00000000eab00000)
  object space 68608K, 86% used [0x00000000c0000000,0x00000000c3a02b98,0x00000000c4300000)
 Metaspace       used 54989K, committed 55872K, reserved 1105920K
  class space    used 6329K, committed 6720K, reserved 1048576K
}
Event: 54.134 GC heap before
{Heap before GC invocations=39 (full 2):
 PSYoungGen      total 14336K, used 13952K [0x00000000eab00000, 0x00000000ebf00000, 0x0000000100000000)
  eden space 13824K, 100% used [0x00000000eab00000,0x00000000eb880000,0x00000000eb880000)
  from space 512K, 25% used [0x00000000ebe80000,0x00000000ebea0000,0x00000000ebf00000)
  to   space 512K, 0% used [0x00000000ebe00000,0x00000000ebe00000,0x00000000ebe80000)
 ParOldGen       total 68608K, used 59402K [0x00000000c0000000, 0x00000000c4300000, 0x00000000eab00000)
  object space 68608K, 86% used [0x00000000c0000000,0x00000000c3a02b98,0x00000000c4300000)
 Metaspace       used 55365K, committed 56256K, reserved 1105920K
  class space    used 6381K, committed 6720K, reserved 1048576K
}
Event: 54.144 GC heap after
{Heap after GC invocations=39 (full 2):
 PSYoungGen      total 14336K, used 480K [0x00000000eab00000, 0x00000000ebf00000, 0x0000000100000000)
  eden space 13824K, 0% used [0x00000000eab00000,0x00000000eab00000,0x00000000eb880000)
  from space 512K, 93% used [0x00000000ebe00000,0x00000000ebe78000,0x00000000ebe80000)
  to   space 512K, 0% used [0x00000000ebe80000,0x00000000ebe80000,0x00000000ebf00000)
 ParOldGen       total 68608K, used 59410K [0x00000000c0000000, 0x00000000c4300000, 0x00000000eab00000)
  object space 68608K, 86% used [0x00000000c0000000,0x00000000c3a04b98,0x00000000c4300000)
 Metaspace       used 55365K, committed 56256K, reserved 1105920K
  class space    used 6381K, committed 6720K, reserved 1048576K
}
Event: 55.300 GC heap before
{Heap before GC invocations=40 (full 2):
 PSYoungGen      total 14336K, used 14304K [0x00000000eab00000, 0x00000000ebf00000, 0x0000000100000000)
  eden space 13824K, 100% used [0x00000000eab00000,0x00000000eb880000,0x00000000eb880000)
  from space 512K, 93% used [0x00000000ebe00000,0x00000000ebe78000,0x00000000ebe80000)
  to   space 512K, 0% used [0x00000000ebe80000,0x00000000ebe80000,0x00000000ebf00000)
 ParOldGen       total 68608K, used 59410K [0x00000000c0000000, 0x00000000c4300000, 0x00000000eab00000)
  object space 68608K, 86% used [0x00000000c0000000,0x00000000c3a04b98,0x00000000c4300000)
 Metaspace       used 55468K, committed 56320K, reserved 1105920K
  class space    used 6390K, committed 6720K, reserved 1048576K
}
Event: 55.302 GC heap after
{Heap after GC invocations=40 (full 2):
 PSYoungGen      total 14336K, used 512K [0x00000000eab00000, 0x00000000ebf00000, 0x0000000100000000)
  eden space 13824K, 0% used [0x00000000eab00000,0x00000000eab00000,0x00000000eb880000)
  from space 512K, 100% used [0x00000000ebe80000,0x00000000ebf00000,0x00000000ebf00000)
  to   space 1024K, 0% used [0x00000000ebd00000,0x00000000ebd00000,0x00000000ebe00000)
 ParOldGen       total 68608K, used 59689K [0x00000000c0000000, 0x00000000c4300000, 0x00000000eab00000)
  object space 68608K, 87% used [0x00000000c0000000,0x00000000c3a4a618,0x00000000c4300000)
 Metaspace       used 55468K, committed 56320K, reserved 1105920K
  class space    used 6390K, committed 6720K, reserved 1048576K
}
Event: 56.217 GC heap before
{Heap before GC invocations=41 (full 2):
 PSYoungGen      total 14336K, used 14336K [0x00000000eab00000, 0x00000000ebf00000, 0x0000000100000000)
  eden space 13824K, 100% used [0x00000000eab00000,0x00000000eb880000,0x00000000eb880000)
  from space 512K, 100% used [0x00000000ebe80000,0x00000000ebf00000,0x00000000ebf00000)
  to   space 1024K, 0% used [0x00000000ebd00000,0x00000000ebd00000,0x00000000ebe00000)
 ParOldGen       total 68608K, used 59689K [0x00000000c0000000, 0x00000000c4300000, 0x00000000eab00000)
  object space 68608K, 87% used [0x00000000c0000000,0x00000000c3a4a618,0x00000000c4300000)
 Metaspace       used 55760K, committed 56640K, reserved 1105920K
  class space    used 6416K, committed 6784K, reserved 1048576K
}
Event: 56.221 GC heap after
{Heap after GC invocations=41 (full 2):
 PSYoungGen      total 14848K, used 1024K [0x00000000eab00000, 0x00000000ebf00000, 0x0000000100000000)
  eden space 13824K, 0% used [0x00000000eab00000,0x00000000eab00000,0x00000000eb880000)
  from space 1024K, 100% used [0x00000000ebd00000,0x00000000ebe00000,0x00000000ebe00000)
  to   space 1024K, 0% used [0x00000000ebe00000,0x00000000ebe00000,0x00000000ebf00000)
 ParOldGen       total 68608K, used 60065K [0x00000000c0000000, 0x00000000c4300000, 0x00000000eab00000)
  object space 68608K, 87% used [0x00000000c0000000,0x00000000c3aa8618,0x00000000c4300000)
 Metaspace       used 55760K, committed 56640K, reserved 1105920K
  class space    used 6416K, committed 6784K, reserved 1048576K
}

Dll operation events (13 events):
Event: 0.023 Loaded shared library c:\Users\Long\.vscode\extensions\redhat.java-1.14.0-win32-x64\jre\17.0.5-win32-x86_64\bin\java.dll
Event: 0.370 Loaded shared library c:\Users\Long\.vscode\extensions\redhat.java-1.14.0-win32-x64\jre\17.0.5-win32-x86_64\bin\zip.dll
Event: 0.374 Loaded shared library C:\Users\Long\.vscode\extensions\redhat.java-1.14.0-win32-x64\jre\17.0.5-win32-x86_64\bin\instrument.dll
Event: 0.399 Loaded shared library C:\Users\Long\.vscode\extensions\redhat.java-1.14.0-win32-x64\jre\17.0.5-win32-x86_64\bin\net.dll
Event: 0.402 Loaded shared library C:\Users\Long\.vscode\extensions\redhat.java-1.14.0-win32-x64\jre\17.0.5-win32-x86_64\bin\nio.dll
Event: 0.412 Loaded shared library C:\Users\Long\.vscode\extensions\redhat.java-1.14.0-win32-x64\jre\17.0.5-win32-x86_64\bin\zip.dll
Event: 0.443 Loaded shared library C:\Users\Long\.vscode\extensions\redhat.java-1.14.0-win32-x64\jre\17.0.5-win32-x86_64\bin\jimage.dll
Event: 0.556 Loaded shared library c:\Users\Long\.vscode\extensions\redhat.java-1.14.0-win32-x64\jre\17.0.5-win32-x86_64\bin\verify.dll
Event: 3.732 Loaded shared library C:\Users\Long\AppData\Roaming\Code\User\globalStorage\redhat.java\1.14.0\config_win\org.eclipse.equinox.launcher\org.eclipse.equinox.launcher.win32.win32.x86_64_1.2.700.v20221108-1024\eclipse_11801.dll
Event: 17.297 Loaded shared library C:\Users\Long\AppData\Local\Temp\jna-2374300\jna2221131266559467064.dll
Event: 43.334 Loaded shared library C:\Users\Long\.gradle\native\e1d6ef7f7dcc3fd88c89a11ec53ec762bb8ba0a96d01ffa2cd45eb1d1d8dd5c5\windows-amd64\native-platform.dll
Event: 46.862 Loaded shared library C:\Users\Long\.vscode\extensions\redhat.java-1.14.0-win32-x64\jre\17.0.5-win32-x86_64\bin\management.dll
Event: 46.870 Loaded shared library C:\Users\Long\.vscode\extensions\redhat.java-1.14.0-win32-x64\jre\17.0.5-win32-x86_64\bin\management_ext.dll

Deoptimization events (20 events):
Event: 55.750 Thread 0x0000014fc4ca8ab0 Uncommon trap: trap_request=0xffffff45 fr.pc=0x0000014fb3849dac relative=0x00000000000026ac
Event: 55.750 Thread 0x0000014fc4ca8ab0 Uncommon trap: reason=unstable_if action=reinterpret pc=0x0000014fb3849dac method=org.eclipse.jdt.internal.core.OverflowingLRUCache.privateRemoveEntry(Lorg/eclipse/jdt/internal/core/util/LRUCache$LRUCacheEntry;ZZ)V @ 120 c2
Event: 55.750 Thread 0x0000014fc4ca8ab0 DEOPT PACKING pc=0x0000014fb3849dac sp=0x0000002e777fd490
Event: 55.750 Thread 0x0000014fc4ca8ab0 DEOPT UNPACKING pc=0x0000014fab9c20a3 sp=0x0000002e777fd230 mode 2
Event: 55.847 Thread 0x0000014fc4ca8ab0 Uncommon trap: trap_request=0xffffff45 fr.pc=0x0000014fb36e2bb0 relative=0x0000000000000970
Event: 55.847 Thread 0x0000014fc4ca8ab0 Uncommon trap: reason=unstable_if action=reinterpret pc=0x0000014fb36e2bb0 method=org.eclipse.jdt.internal.compiler.util.JrtFileSystem$2.visitFile(Ljava/nio/file/Path;Ljava/nio/file/attribute/BasicFileAttributes;)Ljava/nio/file/FileVisitResult; @ 6 c2
Event: 55.847 Thread 0x0000014fc4ca8ab0 DEOPT PACKING pc=0x0000014fb36e2bb0 sp=0x0000002e777fda10
Event: 55.847 Thread 0x0000014fc4ca8ab0 DEOPT UNPACKING pc=0x0000014fab9c20a3 sp=0x0000002e777fd978 mode 2
Event: 55.847 Thread 0x0000014fc4ca8ab0 Uncommon trap: trap_request=0xffffff45 fr.pc=0x0000014fb36e555c relative=0x000000000000099c
Event: 55.847 Thread 0x0000014fc4ca8ab0 Uncommon trap: reason=unstable_if action=reinterpret pc=0x0000014fb36e555c method=org.eclipse.jdt.internal.compiler.util.JrtFileSystem$2.visitFile(Ljava/nio/file/Path;Ljava/nio/file/attribute/BasicFileAttributes;)Ljava/nio/file/FileVisitResult; @ 6 c2
Event: 55.847 Thread 0x0000014fc4ca8ab0 DEOPT PACKING pc=0x0000014fb36e555c sp=0x0000002e777fd9a0
Event: 55.847 Thread 0x0000014fc4ca8ab0 DEOPT UNPACKING pc=0x0000014fab9c20a3 sp=0x0000002e777fd978 mode 2
Event: 56.033 Thread 0x0000014fc4ca8ab0 Uncommon trap: trap_request=0xffffffde fr.pc=0x0000014fb3874ab4 relative=0x0000000000001394
Event: 56.033 Thread 0x0000014fc4ca8ab0 Uncommon trap: reason=class_check action=maybe_recompile pc=0x0000014fb3874ab4 method=org.eclipse.jdt.internal.compiler.util.JrtFileSystem$2.preVisitDirectory(Ljava/nio/file/Path;Ljava/nio/file/attribute/BasicFileAttributes;)Ljava/nio/file/FileVisitResult
Event: 56.033 Thread 0x0000014fc4ca8ab0 DEOPT PACKING pc=0x0000014fb3874ab4 sp=0x0000002e777fd9f0
Event: 56.033 Thread 0x0000014fc4ca8ab0 DEOPT UNPACKING pc=0x0000014fab9c20a3 sp=0x0000002e777fd958 mode 2
Event: 56.034 Thread 0x0000014fc4ca8ab0 Uncommon trap: trap_request=0xffffffde fr.pc=0x0000014fb3874ab4 relative=0x0000000000001394
Event: 56.034 Thread 0x0000014fc4ca8ab0 Uncommon trap: reason=class_check action=maybe_recompile pc=0x0000014fb3874ab4 method=org.eclipse.jdt.internal.compiler.util.JrtFileSystem$2.preVisitDirectory(Ljava/nio/file/Path;Ljava/nio/file/attribute/BasicFileAttributes;)Ljava/nio/file/FileVisitResult
Event: 56.034 Thread 0x0000014fc4ca8ab0 DEOPT PACKING pc=0x0000014fb3874ab4 sp=0x0000002e777fd9f0
Event: 56.034 Thread 0x0000014fc4ca8ab0 DEOPT UNPACKING pc=0x0000014fab9c20a3 sp=0x0000002e777fd958 mode 2

Classes unloaded (7 events):
Event: 9.285 Thread 0x0000014fbe6831d0 Unloading class 0x0000000100216400 'java/lang/invoke/LambdaForm$MH+0x0000000100216400'
Event: 9.285 Thread 0x0000014fbe6831d0 Unloading class 0x0000000100216000 'java/lang/invoke/LambdaForm$MH+0x0000000100216000'
Event: 9.285 Thread 0x0000014fbe6831d0 Unloading class 0x0000000100215c00 'java/lang/invoke/LambdaForm$MH+0x0000000100215c00'
Event: 9.285 Thread 0x0000014fbe6831d0 Unloading class 0x0000000100215800 'java/lang/invoke/LambdaForm$MH+0x0000000100215800'
Event: 9.285 Thread 0x0000014fbe6831d0 Unloading class 0x0000000100215000 'java/lang/invoke/LambdaForm$BMH+0x0000000100215000'
Event: 9.285 Thread 0x0000014fbe6831d0 Unloading class 0x0000000100214c00 'java/lang/invoke/LambdaForm$DMH+0x0000000100214c00'
Event: 9.285 Thread 0x0000014fbe6831d0 Unloading class 0x0000000100212000 'java/lang/invoke/LambdaForm$DMH+0x0000000100212000'

Classes redefined (0 events):
No events

Internal exceptions (20 events):
Event: 51.850 Thread 0x0000014fc15a8810 Exception <a 'sun/nio/fs/WindowsException'{0x00000000eaeb68d8}> (0x00000000eaeb68d8) 
thrown [s\src\hotspot\share\prims\jni.cpp, line 516]
Event: 51.851 Thread 0x0000014fc15a8810 Exception <a 'sun/nio/fs/WindowsException'{0x00000000eaebddb0}> (0x00000000eaebddb0) 
thrown [s\src\hotspot\share\prims\jni.cpp, line 516]
Event: 51.852 Thread 0x0000014fc15a8810 Exception <a 'sun/nio/fs/WindowsException'{0x00000000eaec5388}> (0x00000000eaec5388) 
thrown [s\src\hotspot\share\prims\jni.cpp, line 516]
Event: 51.853 Thread 0x0000014fc15a8810 Exception <a 'sun/nio/fs/WindowsException'{0x00000000eaeccd88}> (0x00000000eaeccd88) 
thrown [s\src\hotspot\share\prims\jni.cpp, line 516]
Event: 51.923 Thread 0x0000014fc15a79a0 Exception <a 'java/lang/NoSuchMethodError'{0x00000000eaf271f0}: 'int java.lang.invoke.DirectMethodHandle$Holder.invokeVirtual(java.lang.Object, java.lang.Object)'> (0x00000000eaf271f0) 
thrown [s\src\hotspot\share\interpreter\linkResolver.cpp, line 759]
Event: 51.927 Thread 0x0000014fc15a8810 Exception <a 'sun/nio/fs/WindowsException'{0x00000000eaf0aae8}> (0x00000000eaf0aae8) 
thrown [s\src\hotspot\share\prims\jni.cpp, line 516]
Event: 51.999 Thread 0x0000014fc15a8810 Exception <a 'sun/nio/fs/WindowsException'{0x00000000eaf23448}> (0x00000000eaf23448) 
thrown [s\src\hotspot\share\prims\jni.cpp, line 516]
Event: 52.111 Thread 0x0000014fc15a9b50 Exception <a 'sun/nio/fs/WindowsException'{0x00000000eb05d7b8}> (0x00000000eb05d7b8) 
thrown [s\src\hotspot\share\prims\jni.cpp, line 516]
Event: 52.168 Thread 0x0000014fc15a9b50 Exception <a 'sun/nio/fs/WindowsException'{0x00000000eb071a88}> (0x00000000eb071a88) 
thrown [s\src\hotspot\share\prims\jni.cpp, line 516]
Event: 52.214 Thread 0x0000014fc15a9b50 Exception <a 'java/lang/NoSuchMethodError'{0x00000000eb0832e0}: 'java.lang.Object java.lang.invoke.DirectMethodHandle$Holder.invokeStatic(java.lang.Object, java.lang.Object, int, java.lang.Object)'> (0x00000000eb0832e0) 
thrown [s\src\hotspot\share\interpreter\linkResolver.cpp, line 759]
Event: 52.218 Thread 0x0000014fc15a9b50 Exception <a 'java/lang/NoSuchMethodError'{0x00000000eb08ca98}: 'java.lang.Object java.lang.invoke.DirectMethodHandle$Holder.newInvokeSpecial(java.lang.Object, java.lang.Object, int)'> (0x00000000eb08ca98) 
thrown [s\src\hotspot\share\interpreter\linkResolver.cpp, line 759]
Event: 52.805 Thread 0x0000014fc15a7000 Exception <a 'java/io/FileNotFoundException'{0x00000000eb404540}> (0x00000000eb404540) 
thrown [s\src\hotspot\share\prims\jni.cpp, line 516]
Event: 52.808 Thread 0x0000014fc15a7000 Exception <a 'java/io/FileNotFoundException'{0x00000000eb405a60}> (0x00000000eb405a60) 
thrown [s\src\hotspot\share\prims\jni.cpp, line 516]
Event: 52.921 Thread 0x0000014fc15a8810 Implicit null exception at 0x0000014fb3845069 to 0x0000014fb38458b0
Event: 55.552 Thread 0x0000014fc4ca8ab0 Exception <a 'java/lang/NoSuchMethodError'{0x00000000eb212ba8}: 'java.lang.Object java.lang.invoke.DirectMethodHandle$Holder.newInvokeSpecial(java.lang.Object, java.lang.Object, java.lang.Object, java.lang.Object, java.lang.Object, java.lang.Object)'> (0x00000000eb212ba8) 
thrown [s\src\hotspot\share\interpreter\linkResolver.cpp, line 759]
Event: 55.601 Thread 0x0000014fc4ca8ab0 Exception <a 'java/lang/NoSuchMethodError'{0x00000000eb28d390}: 'int java.lang.invoke.DirectMethodHandle$Holder.invokeStatic(java.lang.Object)'> (0x00000000eb28d390) 
thrown [s\src\hotspot\share\interpreter\linkResolver.cpp, line 759]
Event: 55.700 Thread 0x0000014fc4ca8ab0 Exception <a 'java/io/FileNotFoundException'{0x00000000eb312278}> (0x00000000eb312278) 
thrown [s\src\hotspot\share\prims\jni.cpp, line 516]
Event: 55.703 Thread 0x0000014fc4ca8ab0 Exception <a 'java/io/FileNotFoundException'{0x00000000eb314038}> (0x00000000eb314038) 
thrown [s\src\hotspot\share\prims\jni.cpp, line 516]
Event: 55.704 Thread 0x0000014fc4ca8ab0 Exception <a 'java/io/FileNotFoundException'{0x00000000eb3155c0}> (0x00000000eb3155c0) 
thrown [s\src\hotspot\share\prims\jni.cpp, line 516]
Event: 55.750 Thread 0x0000014fc4ca8ab0 Implicit null exception at 0x0000014fb38488b0 to 0x0000014fb3849d84

VM Operations (20 events):
Event: 49.421 Executing VM operation: ParallelGCFailedAllocation
Event: 49.423 Executing VM operation: ParallelGCFailedAllocation done
Event: 50.181 Executing VM operation: ParallelGCFailedAllocation
Event: 50.183 Executing VM operation: ParallelGCFailedAllocation done
Event: 50.930 Executing VM operation: ParallelGCFailedAllocation
Event: 50.931 Executing VM operation: ParallelGCFailedAllocation done
Event: 51.722 Executing VM operation: ParallelGCFailedAllocation
Event: 51.725 Executing VM operation: ParallelGCFailedAllocation done
Event: 53.725 Executing VM operation: Cleanup
Event: 53.725 Executing VM operation: Cleanup done
Event: 54.133 Executing VM operation: ParallelGCFailedAllocation
Event: 54.144 Executing VM operation: ParallelGCFailedAllocation done
Event: 55.148 Executing VM operation: Cleanup
Event: 55.150 Executing VM operation: Cleanup done
Event: 55.300 Executing VM operation: ParallelGCFailedAllocation
Event: 55.302 Executing VM operation: ParallelGCFailedAllocation done
Event: 55.604 Executing VM operation: HandshakeAllThreads
Event: 55.604 Executing VM operation: HandshakeAllThreads done
Event: 56.217 Executing VM operation: ParallelGCFailedAllocation
Event: 56.221 Executing VM operation: ParallelGCFailedAllocation done

Events (20 events):
Event: 48.602 loading class java/text/NumberFormat$Field
Event: 48.603 loading class java/text/NumberFormat$Field done
Event: 51.928 loading class java/util/stream/SortedOps$SizedRefSortingSink
Event: 51.930 loading class java/util/stream/SortedOps$SizedRefSortingSink done
Event: 52.086 loading class java/io/DataOutputStream
Event: 52.086 loading class java/io/DataOutputStream done
Event: 52.220 loading class java/util/concurrent/CompletableFuture$UniApply
Event: 52.221 loading class java/util/concurrent/CompletableFuture$UniCompletion
Event: 52.221 loading class java/util/concurrent/CompletableFuture$UniCompletion done
Event: 52.221 loading class java/util/concurrent/CompletableFuture$UniApply done
Event: 52.221 loading class java/util/concurrent/ForkJoinTask$Aux
Event: 52.221 loading class java/util/concurrent/ForkJoinTask$Aux done
Event: 52.224 loading class java/util/concurrent/ForkJoinPool$DefaultCommonPoolForkJoinWorkerThreadFactory$1
Event: 52.224 loading class java/util/concurrent/ForkJoinPool$DefaultCommonPoolForkJoinWorkerThreadFactory$1 done
Event: 52.240 Thread 0x0000014fc4ca8ab0 Thread added: 0x0000014fc4ca8ab0
Event: 52.367 Thread 0x0000014fc4ca25a0 Thread added: 0x0000014fc4ca25a0
Event: 52.368 loading class java/util/ArrayDeque$DeqSpliterator
Event: 52.368 loading class java/util/ArrayDeque$DeqSpliterator done
Event: 55.259 Thread 0x0000014fbe86b200 Thread added: 0x0000014fbe86b200
Event: 55.504 Thread 0x0000014fbe86b710 Thread added: 0x0000014fbe86b710


Dynamic libraries:
0x00007ff64cfa0000 - 0x00007ff64cfae000 	c:\Users\Long\.vscode\extensions\redhat.java-1.14.0-win32-x64\jre\17.0.5-win32-x86_64\bin\java.exe
0x00007ffe32dd0000 - 0x00007ffe32fe4000 	C:\WINDOWS\SYSTEM32\ntdll.dll
0x00007ffe316d0000 - 0x00007ffe31793000 	C:\WINDOWS\System32\KERNEL32.DLL
0x00007ffe30350000 - 0x00007ffe306ec000 	C:\WINDOWS\System32\KERNELBASE.dll
0x00007ffe30790000 - 0x00007ffe308a1000 	C:\WINDOWS\System32\ucrtbase.dll
0x00007ffd41130000 - 0x00007ffd41147000 	c:\Users\Long\.vscode\extensions\redhat.java-1.14.0-win32-x64\jre\17.0.5-win32-x86_64\bin\jli.dll
0x00007ffd41110000 - 0x00007ffd41129000 	c:\Users\Long\.vscode\extensions\redhat.java-1.14.0-win32-x64\jre\17.0.5-win32-x86_64\bin\VCRUNTIME140.dll
0x00007ffe329c0000 - 0x00007ffe32b6d000 	C:\WINDOWS\System32\USER32.dll
0x00007ffe209c0000 - 0x00007ffe20c4e000 	C:\WINDOWS\WinSxS\amd64_microsoft.windows.common-controls_6595b64144ccf1df_6.0.22621.608_none_a9444ca7c10bb01d\COMCTL32.dll
0x00007ffe308b0000 - 0x00007ffe308d6000 	C:\WINDOWS\System32\win32u.dll
0x00007ffe31820000 - 0x00007ffe318c7000 	C:\WINDOWS\System32\msvcrt.dll
0x00007ffe32cc0000 - 0x00007ffe32ce9000 	C:\WINDOWS\System32\GDI32.dll
0x00007ffe308e0000 - 0x00007ffe309f2000 	C:\WINDOWS\System32\gdi32full.dll
0x00007ffe306f0000 - 0x00007ffe3078a000 	C:\WINDOWS\System32\msvcp_win.dll
0x00007ffe32980000 - 0x00007ffe329b2000 	C:\WINDOWS\System32\IMM32.DLL
0x00007ffdedc50000 - 0x00007ffdedc5c000 	c:\Users\Long\.vscode\extensions\redhat.java-1.14.0-win32-x64\jre\17.0.5-win32-x86_64\bin\vcruntime140_1.dll
0x00007ffd409c0000 - 0x00007ffd40a51000 	c:\Users\Long\.vscode\extensions\redhat.java-1.14.0-win32-x64\jre\17.0.5-win32-x86_64\bin\msvcp140.dll
0x00007ffd3fd70000 - 0x00007ffd409b4000 	c:\Users\Long\.vscode\extensions\redhat.java-1.14.0-win32-x64\jre\17.0.5-win32-x86_64\bin\server\jvm.dll
0x00007ffe321d0000 - 0x00007ffe3227e000 	C:\WINDOWS\System32\ADVAPI32.dll
0x00007ffe32c10000 - 0x00007ffe32cb4000 	C:\WINDOWS\System32\sechost.dll
0x00007ffe32090000 - 0x00007ffe321a5000 	C:\WINDOWS\System32\RPCRT4.dll
0x00007ffe29120000 - 0x00007ffe29154000 	C:\WINDOWS\SYSTEM32\WINMM.dll
0x00007ffe1c170000 - 0x00007ffe1c179000 	C:\WINDOWS\SYSTEM32\WSOCK32.dll
0x00007ffe28e50000 - 0x00007ffe28e5a000 	C:\WINDOWS\SYSTEM32\VERSION.dll
0x00007ffe317a0000 - 0x00007ffe31811000 	C:\WINDOWS\System32\WS2_32.dll
0x00007ffe2f310000 - 0x00007ffe2f328000 	C:\WINDOWS\SYSTEM32\kernel.appcore.dll
0x00007ffded2c0000 - 0x00007ffded2ca000 	c:\Users\Long\.vscode\extensions\redhat.java-1.14.0-win32-x64\jre\17.0.5-win32-x86_64\bin\jimage.dll
0x00007ffe2dd70000 - 0x00007ffe2df9e000 	C:\WINDOWS\SYSTEM32\DBGHELP.DLL
0x00007ffe318d0000 - 0x00007ffe31c5a000 	C:\WINDOWS\System32\combase.dll
0x00007ffe30e00000 - 0x00007ffe30ed7000 	C:\WINDOWS\System32\OLEAUT32.dll
0x00007ffe1cf60000 - 0x00007ffe1cf92000 	C:\WINDOWS\SYSTEM32\dbgcore.DLL
0x00007ffe30210000 - 0x00007ffe3028b000 	C:\WINDOWS\System32\bcryptPrimitives.dll
0x00007ffded1c0000 - 0x00007ffded1ce000 	c:\Users\Long\.vscode\extensions\redhat.java-1.14.0-win32-x64\jre\17.0.5-win32-x86_64\bin\instrument.dll
0x00007ffd410e0000 - 0x00007ffd41105000 	c:\Users\Long\.vscode\extensions\redhat.java-1.14.0-win32-x64\jre\17.0.5-win32-x86_64\bin\java.dll
0x00007ffd410c0000 - 0x00007ffd410d8000 	c:\Users\Long\.vscode\extensions\redhat.java-1.14.0-win32-x64\jre\17.0.5-win32-x86_64\bin\zip.dll
0x00007ffe30ee0000 - 0x00007ffe316cf000 	C:\WINDOWS\System32\SHELL32.dll
0x00007ffe2e1c0000 - 0x00007ffe2ea88000 	C:\WINDOWS\SYSTEM32\windows.storage.dll
0x00007ffe2e080000 - 0x00007ffe2e1be000 	C:\WINDOWS\SYSTEM32\wintypes.dll
0x00007ffe30d00000 - 0x00007ffe30df1000 	C:\WINDOWS\System32\SHCORE.dll
0x00007ffe32440000 - 0x00007ffe3249e000 	C:\WINDOWS\System32\shlwapi.dll
0x00007ffe30140000 - 0x00007ffe30161000 	C:\WINDOWS\SYSTEM32\profapi.dll
0x00007ffd3fd30000 - 0x00007ffd3fd49000 	C:\Users\Long\.vscode\extensions\redhat.java-1.14.0-win32-x64\jre\17.0.5-win32-x86_64\bin\net.dll
0x00007ffe28e60000 - 0x00007ffe28f8f000 	C:\WINDOWS\SYSTEM32\WINHTTP.dll
0x00007ffe2f780000 - 0x00007ffe2f7e9000 	C:\WINDOWS\system32\mswsock.dll
0x00007ffd3fd10000 - 0x00007ffd3fd25000 	C:\Users\Long\.vscode\extensions\redhat.java-1.14.0-win32-x64\jre\17.0.5-win32-x86_64\bin\nio.dll
0x00007ffdeb8c0000 - 0x00007ffdeb8d0000 	c:\Users\Long\.vscode\extensions\redhat.java-1.14.0-win32-x64\jre\17.0.5-win32-x86_64\bin\verify.dll
0x00007ffd3fc90000 - 0x00007ffd3fcce000 	C:\Users\Long\AppData\Roaming\Code\User\globalStorage\redhat.java\1.14.0\config_win\org.eclipse.equinox.launcher\org.eclipse.equinox.launcher.win32.win32.x86_64_1.2.700.v20221108-1024\eclipse_11801.dll
0x00007ffe322a0000 - 0x00007ffe3243c000 	C:\WINDOWS\System32\ole32.dll
0x00007ffe2f9c0000 - 0x00007ffe2f9db000 	C:\WINDOWS\SYSTEM32\CRYPTSP.dll
0x00007ffe2f280000 - 0x00007ffe2f2b5000 	C:\WINDOWS\system32\rsaenh.dll
0x00007ffe2f840000 - 0x00007ffe2f868000 	C:\WINDOWS\SYSTEM32\USERENV.dll
0x00007ffe2fbb0000 - 0x00007ffe2fbd8000 	C:\WINDOWS\SYSTEM32\bcrypt.dll
0x00007ffe2f9b0000 - 0x00007ffe2f9bc000 	C:\WINDOWS\SYSTEM32\CRYPTBASE.dll
0x00007ffe2ed50000 - 0x00007ffe2ed7d000 	C:\WINDOWS\SYSTEM32\IPHLPAPI.DLL
0x00007ffe321c0000 - 0x00007ffe321c9000 	C:\WINDOWS\System32\NSI.dll
0x00007ffe29020000 - 0x00007ffe29039000 	C:\WINDOWS\SYSTEM32\dhcpcsvc6.DLL
0x00007ffe29000000 - 0x00007ffe2901f000 	C:\WINDOWS\SYSTEM32\dhcpcsvc.DLL
0x00007ffe2edc0000 - 0x00007ffe2eeb3000 	C:\WINDOWS\SYSTEM32\DNSAPI.dll
0x00007ffdecee0000 - 0x00007ffdecf20000 	C:\Users\Long\AppData\Local\Temp\jna-2374300\jna2221131266559467064.dll
0x00007ffe32b70000 - 0x00007ffe32b78000 	C:\WINDOWS\System32\PSAPI.DLL
0x00007ffd3fc20000 - 0x00007ffd3fc47000 	C:\Users\Long\.gradle\native\e1d6ef7f7dcc3fd88c89a11ec53ec762bb8ba0a96d01ffa2cd45eb1d1d8dd5c5\windows-amd64\native-platform.dll
0x00007ffdf13b0000 - 0x00007ffdf13b9000 	C:\Users\Long\.vscode\extensions\redhat.java-1.14.0-win32-x64\jre\17.0.5-win32-x86_64\bin\management.dll
0x00007ffde8d00000 - 0x00007ffde8d0b000 	C:\Users\Long\.vscode\extensions\redhat.java-1.14.0-win32-x64\jre\17.0.5-win32-x86_64\bin\management_ext.dll

dbghelp: loaded successfully - version: 4.0.5 - missing functions: none
symbol engine: initialized successfully - sym options: 0x614 - pdb path: .;c:\Users\Long\.vscode\extensions\redhat.java-1.14.0-win32-x64\jre\17.0.5-win32-x86_64\bin;C:\WINDOWS\SYSTEM32;C:\WINDOWS\WinSxS\amd64_microsoft.windows.common-controls_6595b64144ccf1df_6.0.22621.608_none_a9444ca7c10bb01d;c:\Users\Long\.vscode\extensions\redhat.java-1.14.0-win32-x64\jre\17.0.5-win32-x86_64\bin\server;C:\Users\Long\AppData\Roaming\Code\User\globalStorage\redhat.java\1.14.0\config_win\org.eclipse.equinox.launcher\org.eclipse.equinox.launcher.win32.win32.x86_64_1.2.700.v20221108-1024;C:\Users\Long\AppData\Local\Temp\jna-2374300;C:\Users\Long\.gradle\native\e1d6ef7f7dcc3fd88c89a11ec53ec762bb8ba0a96d01ffa2cd45eb1d1d8dd5c5\windows-amd64

VM Arguments:
jvm_args: --add-modules=ALL-SYSTEM --add-opens=java.base/java.util=ALL-UNNAMED --add-opens=java.base/java.lang=ALL-UNNAMED --add-opens=java.base/sun.nio.fs=ALL-UNNAMED -Declipse.application=org.eclipse.jdt.ls.core.id1 -Dosgi.bundles.defaultStartLevel=4 -Declipse.product=org.eclipse.jdt.ls.core.product -Djava.import.generatesMetadataFilesAtProjectRoot=false -Dfile.encoding=utf8 -XX:+UseParallelGC -XX:GCTimeRatio=4 -XX:AdaptiveSizePolicyWeight=90 -Dsun.zip.disableMemoryMapping=true -Xmx1G -Xms100m -Xlog:disable -javaagent:c:\Users\Long\.vscode\extensions\redhat.java-1.14.0-win32-x64\lombok\lombok-1.18.24.jar -XX:+HeapDumpOnOutOfMemoryError -XX:HeapDumpPath=c:\Users\Long\AppData\Roaming\Code\User\workspaceStorage\b91ab581afc5cde352155c29fad7fc21\redhat.java 
java_command: c:\Users\Long\.vscode\extensions\redhat.java-1.14.0-win32-x64\server\plugins\org.eclipse.equinox.launcher_1.6.400.v20210924-0641.jar -configuration c:\Users\Long\AppData\Roaming\Code\User\globalStorage\redhat.java\1.14.0\config_win -data c:\Users\Long\AppData\Roaming\Code\User\workspaceStorage\b91ab581afc5cde352155c29fad7fc21\redhat.java\jdt_ws
java_class_path (initial): c:\Users\Long\.vscode\extensions\redhat.java-1.14.0-win32-x64\server\plugins\org.eclipse.equinox.launcher_1.6.400.v20210924-0641.jar
Launcher Type: SUN_STANDARD

[Global flags]
    uintx AdaptiveSizePolicyWeight                 = 90                                        {product} {command line}
     intx CICompilerCount                          = 4                                         {product} {ergonomic}
    uintx GCTimeRatio                              = 4                                         {product} {command line}
     bool HeapDumpOnOutOfMemoryError               = true                                   {manageable} {command line}
    ccstr HeapDumpPath                             = c:\Users\Long\AppData\Roaming\Code\User\workspaceStorage\b91ab581afc5cde352155c29fad7fc21\redhat.java         {manageable} {command line}
   size_t InitialHeapSize                          = 104857600                                 {product} {command line}
   size_t MaxHeapSize                              = 1073741824                                {product} {command line}
   size_t MaxNewSize                               = 357564416                                 {product} {ergonomic}
   size_t MinHeapDeltaBytes                        = 524288                                    {product} {ergonomic}
   size_t MinHeapSize                              = 104857600                                 {product} {command line}
   size_t NewSize                                  = 34603008                                  {product} {ergonomic}
    uintx NonNMethodCodeHeapSize                   = 5839372                                {pd product} {ergonomic}
    uintx NonProfiledCodeHeapSize                  = 122909434                              {pd product} {ergonomic}
   size_t OldSize                                  = 70254592                                  {product} {ergonomic}
    uintx ProfiledCodeHeapSize                     = 122909434                              {pd product} {ergonomic}
    uintx ReservedCodeCacheSize                    = 251658240                              {pd product} {ergonomic}
     bool SegmentedCodeCache                       = true                                      {product} {ergonomic}
   size_t SoftMaxHeapSize                          = 1073741824                             {manageable} {ergonomic}
     bool UseCompressedClassPointers               = true                           {product lp64_product} {ergonomic}
     bool UseCompressedOops                        = true                           {product lp64_product} {ergonomic}
     bool UseLargePagesIndividualAllocation        = false                                  {pd product} {ergonomic}
     bool UseParallelGC                            = true                                      {product} {command line}

Logging:
Log output configuration:
 #0: stdout all=off uptime,level,tags
 #1: stderr all=off uptime,level,tags

Environment Variables:
JAVA_HOME=C:\Program Files\Android\Android Studio\jre
PATH=C:\Program Files (x86)\VMware\VMware Workstation\bin\;C:\Program Files (x86)\Common Files\Oracle\Java\javapath;C:\Users\Long\AppData\Local\Programs\Python\Python310;C:\Users\Long\AppData\Local\Programs\Python\Python310\Scripts;C:\ProgramData\Boxstarter;C:\Program Files (x86)\Intel\Intel(R) Management Engine Components\iCLS\;C:\Program Files\Intel\Intel(R) Management Engine Components\iCLS\;C:\Windows\system32;C:\Windows;C:\Windows\System32\Wbem;C:\Windows\System32\WindowsPowerShell\v1.0\;C:\Windows\System32\OpenSSH\;C:\Program Files (x86)\Intel\Intel(R) Management Engine Components\DAL;C:\Program Files\Intel\Intel(R) Management Engine Components\DAL;C:\Program Files (x86)\Intel\Intel(R) Management Engine Components\IPT;C:\Program Files\Intel\Intel(R) Management Engine Components\IPT;C:\Program Files (x86)\NVIDIA Corporation\PhysX\Common;C:\Program Files\Intel\WiFi\bin\;C:\Program Files\Common Files\Intel\WirelessCommon\;C:\ProgramData\chocolatey\bin;C:\Program Files\Java\jdk1.8.0_191\bin;C:\Program Files\nodejs;C:\Program Files\dotnet\;C:\Program Files\PuTTY\;C:\Program Files\Microsoft SQL Server\130\Tools\Binn\;F:\Program Files\bin;C:\WINDOWS\system32;C:\WINDOWS;C:\WINDOWS\System32\Wbem;C:\WINDOWS\System32\WindowsPowerShell\v1.0\;C:\WINDOWS\System32\OpenSSH\;E:\Program\xampp\php;E:\Program\Composer;C:\Program Files (x86)\WiX Toolset v3.11\bin;C:\Program Files\Microsoft SQL Server\Client SDK\ODBC\170\Tools\Binn\;E:\Program\MongoDB\Server\4.2\bin;C:\Program Files\Microsoft\Web Platform Installer\;C:\Program Files\Git\cmd;C:\Users\Long\AppData\Local\Android\Sdk\platform-tools;C:\Users\Long\AppData\Local\Android\Sdk\emulator;F:\work\anybim.vn\GGAPI\flutter_windows_2.2.3-stable\flutter\bin;F:\Program Files\OpenSSL-Win64\bin;C:\Program Files\Microsoft SQL Server\150\Tools\Binn\;C:\Program Files\TortoiseGit\bin;C:\Program Files\TortoiseSVN\bin;E:\Program\apache-maven-3.8.6-bin\bin;;C:\Program Files\nodejs\;C:\WINDOWS\system32;C:\WINDOWS;C:\WINDOWS\System32\Wbem;C:\WINDO
USERNAME=Long
OS=Windows_NT
PROCESSOR_IDENTIFIER=Intel64 Family 6 Model 158 Stepping 10, GenuineIntel
TMP=C:\Users\Long\AppData\Local\Temp
TEMP=C:\Users\Long\AppData\Local\Temp



---------------  S Y S T E M  ---------------

OS:
 Windows 11 , 64 bit Build 22621 (10.0.22621.1194)
OS uptime: 0 days 1:43 hours
Hyper-V role detected

CPU: total 12 (initial active 12) (6 cores per cpu, 2 threads per core) family 6 model 158 stepping 10 microcode 0xde, cx8, cmov, fxsr, ht, mmx, 3dnowpref, sse, sse2, sse3, ssse3, sse4.1, sse4.2, popcnt, lzcnt, tsc, tscinvbit, avx, avx2, aes, erms, clmul, bmi1, bmi2, adx, fma, vzeroupper, clflush, clflushopt, hv

Memory: 4k page, system-wide physical 24431M (7767M free)
TotalPageFile size 24431M (AvailPageFile size 6M)
current process WorkingSet (physical memory assigned to process): 257M, peak: 260M
current process commit charge ("private bytes"): 316M, peak: 320M

vm_info: OpenJDK 64-Bit Server VM (17.0.5+8) for windows-amd64 JRE (17.0.5+8), built on Oct 19 2022 04:48:13 by "temurin" with MS VC++ 16.7 (VS2019)

END.
