#
# A fatal error has been detected by the Java Runtime Environment:
#
#  EXCEPTION_ACCESS_VIOLATION (0xc0000005) at pc=0x00007ff919071be5, pid=22056, tid=6336
#
# JRE version:  (11.0.12+7) (build )
# Java VM: OpenJDK 64-Bit Server VM (11.0.12+7-b1504.28-7817840, mixed mode, sharing, tiered, unknown gc, windows-amd64)
# Problematic frame:
# C  [jimage.dll+0x1be5]
#
# No core dump will be written. Minidumps are not enabled by default on client versions of Windows
#
#

---------------  S U M M A R Y ------------

Command Line: 

Host: Intel(R) Core(TM) i7-8750H CPU @ 2.20GHz, 12 cores, 23G,  Windows 10 , 64 bit Build 22621 (10.0.22621.1194)
Time: Thu Feb 16 23:00:59 2023 SE Asia Standard Time elapsed time: 0.028813 seconds (0d 0h 0m 0s)

---------------  T H R E A D  ---------------

Current thread is native thread

Stack: [0x0000004480100000,0x0000004480200000],  sp=0x00000044801fde10,  free space=1015k
Native frames: (J=compiled Java code, j=interpreted, Vv=VM code, C=native code)
C  [jimage.dll+0x1be5]


siginfo: EXCEPTION_ACCESS_VIOLATION (0xc0000005), reading address 0x0000000000008a28


Registers:
RAX=0x0000000000002283, RBX=0x00000044801fdf01, RCX=0x00007ff919076000, RDX=0x0000000000002283
RSP=0x00000044801fde10, RBP=0x00000044801fdf00, RSI=0x000000000000811d, RDI=0x00000044801fdf00
R8 =0x00007ff919074278, R9 =0x000000000000001c, R10=0x00007ff9198e4b00, R11=0x00007ff919076000
R12=0x0000000000000000, R13=0x000001d40ebbc4c0, R14=0x00000044801fef98, R15=0x00007ff9198e4b38
RIP=0x00007ff919071be5, EFLAGS=0x0000000000010246

Top of Stack: (sp=0x00000044801fde10)
0x00000044801fde10:   0000000000000008 0000000000000050
0x00000044801fde20:   0000000000000000 0000000000000005
0x00000044801fde30:   000001d40ebd0240 00007ff919071d7f
0x00000044801fde40:   000000000000000b 000001d40ebd0240
0x00000044801fde50:   000001d40eca0000 00007ff900000000
0x00000044801fde60:   0000000000000040 0000000000000008
0x00000044801fde70:   0000000000000000 0000000000000000
0x00000044801fde80:   0000000000000002 00007ff95a500f34
0x00000044801fde90:   0000000000000100 00007ff919070000
0x00000044801fdea0:   00003276a6b40a1d 0000000000000000
0x00000044801fdeb0:   00007ff9198c1888 0000000000000017
0x00000044801fdec0:   000001d40ebd0240 00000044801fef98
0x00000044801fded0:   000000000000000b 00007ff919072655
0x00000044801fdee0:   0000000000000000 00007ff919070000
0x00000044801fdef0:   00000044801fdf90 00007ff95a514110
0x00000044801fdf00:   61622e6176616a2f 692f6b646a2f6573 

Instructions: (pc=0x00007ff919071be5)
0x00007ff919071ae5:   1d 80 3d 23 45 00 00 00 74 06 48 8b 53 18 eb 04
0x00007ff919071af5:   48 8b 53 40 e8 b6 0e 00 00 48 83 63 48 00 8b 4b
0x00007ff919071b05:   0c 83 f9 ff 74 09 e8 ec 0c 00 00 83 4b 0c ff 48
0x00007ff919071b15:   8b 4b 70 48 85 c9 74 0f ba 10 00 00 00 e8 bd 0f
0x00007ff919071b25:   00 00 48 83 63 70 00 48 83 c4 20 5b c3 cc cc 40
0x00007ff919071b35:   53 48 83 ec 20 48 8b d9 48 8d 0d dc 46 00 00 e8
0x00007ff919071b45:   bb 0c 00 00 83 6b 08 01 75 24 48 8b d3 48 8d 0d
0x00007ff919071b55:   bf 44 00 00 e8 36 08 00 00 48 8b cb e8 e2 fe ff
0x00007ff919071b65:   ff ba 78 00 00 00 48 8b cb e8 71 0f 00 00 48 8d
0x00007ff919071b75:   0d a6 46 00 00 48 83 c4 20 5b e9 88 0c 00 00 48
0x00007ff919071b85:   89 5c 24 08 48 89 74 24 10 57 48 83 ec 20 41 8b
0x00007ff919071b95:   f1 4d 8b c8 48 8b fa 4c 8b d9 4d 85 c0 0f 84 83
0x00007ff919071ba5:   00 00 00 85 f6 74 7f 44 8a 12 48 8d 5a 01 48 8b
0x00007ff919071bb5:   d3 b8 93 01 00 01 eb 12 69 c0 93 01 00 01 41 0f
0x00007ff919071bc5:   b6 ca 44 8a 12 33 c1 48 ff c2 45 84 d2 75 e9 4d
0x00007ff919071bd5:   8b 03 0f ba f0 1f 33 d2 49 8b cb f7 f6 48 63 c2
0x00007ff919071be5:   41 8b 14 81 41 ff 50 08 44 8b c0 85 c0 7e 2a 8a
0x00007ff919071bf5:   07 eb 12 45 69 c0 93 01 00 01 0f b6 c8 8a 03 44
0x00007ff919071c05:   33 c1 48 ff c3 84 c0 75 ea 41 0f ba f0 1f 33 d2
0x00007ff919071c15:   41 8b c0 f7 f6 8b c2 eb 10 83 c8 ff 45 85 c0 79
0x00007ff919071c25:   08 41 2b c0 eb 03 83 c8 ff 48 8b 5c 24 30 48 8b
0x00007ff919071c35:   74 24 38 48 83 c4 20 5f c3 cc cc 48 89 5c 24 08
0x00007ff919071c45:   48 89 74 24 10 57 48 83 ec 20 48 8b f1 48 8d 0d
0x00007ff919071c55:   c7 45 00 00 e8 a6 0b 00 00 33 ff 39 3d b2 43 00
0x00007ff919071c65:   00 76 24 48 8b 05 b1 43 00 00 48 8b d6 48 8b 1c
0x00007ff919071c75:   f8 48 8b 0b e8 a2 1f 00 00 85 c0 74 2b ff c7 3b
0x00007ff919071c85:   3d 8e 43 00 00 72 dc 33 db 48 8d 0d 8b 45 00 00
0x00007ff919071c95:   e8 72 0b 00 00 48 8b 74 24 38 48 8b c3 48 8b 5c
0x00007ff919071ca5:   24 30 48 83 c4 20 5f c3 ff 43 08 eb dc cc cc 48
0x00007ff919071cb5:   89 5c 24 08 48 89 74 24 10 57 48 83 ec 20 48 8b
0x00007ff919071cc5:   d9 48 8b f2 48 8b 49 10 49 8b f8 8b 53 30 48 8b
0x00007ff919071cd5:   01 ff 50 20 4c 8b 43 50 48 8b d6 48 8b 4b 10 44 



---------------  P R O C E S S  ---------------

VM state:not at safepoint (not fully initialized)

VM Mutex/Monitor currently owned by a thread: None


Dynamic libraries:
0x00007ff6237a0000 - 0x00007ff6237aa000 	C:\Program Files\Android\Android Studio\jre\bin\java.exe
0x00007ff95d0b0000 - 0x00007ff95d2c4000 	C:\WINDOWS\SYSTEM32\ntdll.dll
0x00007ff95b700000 - 0x00007ff95b7c3000 	C:\WINDOWS\System32\KERNEL32.DLL
0x00007ff95ab20000 - 0x00007ff95aebc000 	C:\WINDOWS\System32\KERNELBASE.dll
0x00007ff95a4f0000 - 0x00007ff95a601000 	C:\WINDOWS\System32\ucrtbase.dll
0x00007ff91b450000 - 0x00007ff91b469000 	C:\Program Files\Android\Android Studio\jre\bin\jli.dll
0x00007ff919c60000 - 0x00007ff919c77000 	C:\Program Files\Android\Android Studio\jre\bin\VCRUNTIME140.dll
0x00007ff95cec0000 - 0x00007ff95d06d000 	C:\WINDOWS\System32\USER32.dll
0x00007ff94ad70000 - 0x00007ff94affe000 	C:\WINDOWS\WinSxS\amd64_microsoft.windows.common-controls_6595b64144ccf1df_6.0.22621.608_none_a9444ca7c10bb01d\COMCTL32.dll
0x00007ff95a740000 - 0x00007ff95a766000 	C:\WINDOWS\System32\win32u.dll
0x00007ff95b420000 - 0x00007ff95b4c7000 	C:\WINDOWS\System32\msvcrt.dll
0x00007ff95b120000 - 0x00007ff95b149000 	C:\WINDOWS\System32\GDI32.dll
0x00007ff95a960000 - 0x00007ff95aa72000 	C:\WINDOWS\System32\gdi32full.dll
0x00007ff95aa80000 - 0x00007ff95ab1a000 	C:\WINDOWS\System32\msvcp_win.dll
0x00007ff95b2c0000 - 0x00007ff95b2f2000 	C:\WINDOWS\System32\IMM32.DLL
0x00007ff919bc0000 - 0x00007ff919c5d000 	C:\Program Files\Android\Android Studio\jre\bin\msvcp140.dll
0x00007ff9190d0000 - 0x00007ff919bb5000 	C:\Program Files\Android\Android Studio\jre\bin\server\jvm.dll
0x00007ff95cbf0000 - 0x00007ff95cc9e000 	C:\WINDOWS\System32\ADVAPI32.dll
0x00007ff95b820000 - 0x00007ff95b8c4000 	C:\WINDOWS\System32\sechost.dll
0x00007ff95af70000 - 0x00007ff95b085000 	C:\WINDOWS\System32\RPCRT4.dll
0x00007ff95b090000 - 0x00007ff95b098000 	C:\WINDOWS\System32\PSAPI.DLL
0x00007ff946aa0000 - 0x00007ff946aa9000 	C:\WINDOWS\SYSTEM32\WSOCK32.dll
0x00007ff953e60000 - 0x00007ff953e94000 	C:\WINDOWS\SYSTEM32\WINMM.dll
0x00007ff953da0000 - 0x00007ff953daa000 	C:\WINDOWS\SYSTEM32\VERSION.dll
0x00007ff95b240000 - 0x00007ff95b2b1000 	C:\WINDOWS\System32\WS2_32.dll
0x00007ff9595a0000 - 0x00007ff9595b8000 	C:\WINDOWS\SYSTEM32\kernel.appcore.dll
0x00007ff9190b0000 - 0x00007ff9190c1000 	C:\Program Files\Android\Android Studio\jre\bin\verify.dll
0x00007ff958050000 - 0x00007ff95827e000 	C:\WINDOWS\SYSTEM32\DBGHELP.DLL
0x00007ff95b8d0000 - 0x00007ff95bc5a000 	C:\WINDOWS\System32\combase.dll
0x00007ff95b150000 - 0x00007ff95b227000 	C:\WINDOWS\System32\OLEAUT32.dll
0x00007ff945e30000 - 0x00007ff945e62000 	C:\WINDOWS\SYSTEM32\dbgcore.DLL
0x00007ff95a8e0000 - 0x00007ff95a95b000 	C:\WINDOWS\System32\bcryptPrimitives.dll
0x00007ff919080000 - 0x00007ff9190a9000 	C:\Program Files\Android\Android Studio\jre\bin\java.dll
0x00007ff919070000 - 0x00007ff91907b000 	C:\Program Files\Android\Android Studio\jre\bin\jimage.dll

dbghelp: loaded successfully - version: 4.0.5 - missing functions: none
symbol engine: initialized successfully - sym options: 0x614 - pdb path: .;C:\Program Files\Android\Android Studio\jre\bin;C:\WINDOWS\SYSTEM32;C:\WINDOWS\WinSxS\amd64_microsoft.windows.common-controls_6595b64144ccf1df_6.0.22621.608_none_a9444ca7c10bb01d;C:\Program Files\Android\Android Studio\jre\bin\server

VM Arguments:
java_command: <unknown>
java_class_path (initial): <not set>
Launcher Type: SUN_STANDARD

[Global flags]
     bool UseLargePagesIndividualAllocation        = false                                  {pd product} {ergonomic}

Logging:
Log output configuration:
 #0: stdout all=warning uptime,level,tags
 #1: stderr all=off uptime,level,tags

Environment Variables:
JAVA_HOME=C:\Program Files\Android\Android Studio\jre
CLASSPATH=F:\work\Mobile_piple\android\\gradle\wrapper\gradle-wrapper.jar
PATH=F:\work\Mobile_piple\android\node_modules\.bin;F:\work\Mobile_piple\node_modules\.bin;F:\work\node_modules\.bin;F:\node_modules\.bin;C:\Program Files\nodejs;F:\work\Mobile_piple\node_modules\.bin;F:\work\node_modules\.bin;F:\node_modules\.bin;C:\Users\Long\AppData\Roaming\npm\node_modules\npm\node_modules\@npmcli\run-script\lib\node-gyp-bin;C:\Program Files (x86)\VMware\VMware Workstation\bin\;C:\Program Files (x86)\Common Files\Oracle\Java\javapath;C:\Users\Long\AppData\Local\Programs\Python\Python310;C:\Users\Long\AppData\Local\Programs\Python\Python310\Scripts;C:\ProgramData\Boxstarter;C:\Program Files (x86)\Intel\Intel(R) Management Engine Components\iCLS\;C:\Program Files\Intel\Intel(R) Management Engine Components\iCLS\;C:\Windows\system32;C:\Windows;C:\Windows\System32\Wbem;C:\Windows\System32\WindowsPowerShell\v1.0\;C:\Windows\System32\OpenSSH\;C:\Program Files (x86)\Intel\Intel(R) Management Engine Components\DAL;C:\Program Files\Intel\Intel(R) Management Engine Components\DAL;C:\Program Files (x86)\Intel\Intel(R) Management Engine Components\IPT;C:\Program Files\Intel\Intel(R) Management Engine Components\IPT;C:\Program Files (x86)\NVIDIA Corporation\PhysX\Common;C:\Program Files\Intel\WiFi\bin\;C:\Program Files\Common Files\Intel\WirelessCommon\;C:\ProgramData\chocolatey\bin;C:\Program Files\Java\jdk1.8.0_191\bin;C:\Program Files\nodejs;C:\Program Files\dotnet\;C:\Program Files\PuTTY\;C:\Program Files\Microsoft SQL Server\130\Tools\Binn\;F:\Program Files\bin;C:\WINDOWS\system32;C:\WINDOWS;C:\WINDOWS\System32\Wbem;C:\WINDOWS\System32\WindowsPowerShell\v1.0\;C:\WINDOWS\System32\OpenSSH\;E:\Program\xampp\php;E:\Program\Composer;C:\Program Files (x86)\WiX Toolset v3.11\bin;C:\Program Files\Microsoft SQL Server\Client SDK\ODBC\170\Tools\Binn\;E:\Program\MongoDB\Server\4.2\bin;C:\Program Files\Microsoft\Web Platform Installer\;C:\Program Files\Git\cmd;C:\Users\Long\AppData\Local\Android\Sdk\platform-tools;C:\Users\Long\AppData\Local\Android\Sdk\emulator;F:\wo
USERNAME=Long
LANG=en_US.UTF-8
OS=Windows_NT
PROCESSOR_IDENTIFIER=Intel64 Family 6 Model 158 Stepping 10, GenuineIntel



---------------  S Y S T E M  ---------------

OS: Windows 10 , 64 bit Build 22621 (10.0.22621.1194)
OS uptime: 0 days 1:07 hours

CPU:total 12 (initial active 0) 

Memory: 4k page, system-wide physical 24431M (7869M free)
TotalPageFile size 24431M (AvailPageFile size 5M)
current process WorkingSet (physical memory assigned to process): 8M, peak: 8M
current process commit charge ("private bytes"): 3M, peak: 3M

vm_info: OpenJDK 64-Bit Server VM (11.0.12+7-b1504.28-7817840) for windows-amd64 JRE (11.0.12+7-b1504.28-7817840), built on Oct 13 2021 22:12:33 by "builder" with MS VC++ 14.0 (VS2015)

END.
